Arguments: 
  /usr/local/bin/node /opt/homebrew/Cellar/yarn/1.22.19/libexec/bin/yarn.js add openzeppelin

PATH: 
  /usr/local/bin:/usr/bin:/bin:/usr/sbin:/sbin:/Users/jae-mankim/.amplify/bin:/opt/homebrew/bin

Yarn version: 
  1.22.19

Node version: 
  16.15.0

Platform: 
  darwin arm64

Trace: 
  Error: https://registry.yarnpkg.com/openzeppelin: Not found
      at Request.params.callback [as _callback] (/opt/homebrew/Cellar/yarn/1.22.19/libexec/lib/cli.js:66145:18)
      at Request.self.callback (/opt/homebrew/Cellar/yarn/1.22.19/libexec/lib/cli.js:140890:22)
      at Request.emit (node:events:527:28)
      at Request.<anonymous> (/opt/homebrew/Cellar/yarn/1.22.19/libexec/lib/cli.js:141862:10)
      at Request.emit (node:events:527:28)
      at IncomingMessage.<anonymous> (/opt/homebrew/Cellar/yarn/1.22.19/libexec/lib/cli.js:141784:12)
      at Object.onceWrapper (node:events:641:28)
      at IncomingMessage.emit (node:events:539:35)
      at endReadableNT (node:internal/streams/readable:1345:12)
      at processTicksAndRejections (node:internal/process/task_queues:83:21)

npm manifest: 
  No manifest

yarn manifest: 
  No manifest

Lockfile: 
  No lockfile
